2020-09-17 11:55:32,784 INFO 9012 [egg:logger] init all loggers with options: {"dir":"F:\\node\\TheFinalBlog\\egg-example\\logs\\egg-example","encoding":"utf8","env":"local","level":"INFO","consoleLevel":"INFO","disableConsoleAfterReady":false,"outputJSON":false,"buffer":true,"appLogName":"egg-example-web.log","coreLogName":"egg-web.log","agentLogName":"egg-agent.log","errorLogName":"common-error.log","coreLogger":{"consoleLevel":"WARN"},"allowDebugAtProd":false,"type":"application"}
2020-09-17 11:55:32,833 INFO 9012 [egg-multipart] stream mode enable
2020-09-17 11:55:33,049 INFO 9012 [egg-static] starting static serve /public/ -> F:\node\TheFinalBlog\egg-example\app\public
2020-09-17 11:55:33,056 INFO 9012 [egg-security] use csrf middleware
2020-09-17 11:55:33,058 INFO 9012 [egg-security] use methodnoallow middleware
2020-09-17 11:55:33,059 INFO 9012 [egg-security] use noopen middleware
2020-09-17 11:55:33,063 INFO 9012 [egg-security] use nosniff middleware
2020-09-17 11:55:33,064 INFO 9012 [egg-security] use xssProtection middleware
2020-09-17 11:55:33,064 INFO 9012 [egg-security] use xframe middleware
2020-09-17 11:55:33,065 INFO 9012 [egg-security] use dta middleware
2020-09-17 11:55:33,065 INFO 9012 [egg-security] compose 7 middlewares into one security middleware
2020-09-17 11:55:33,079 INFO 9012 [egg:core] dump config after load, 8ms
2020-09-17 11:55:33,093 INFO 9012 [egg-watcher:application] watcher start success
2020-09-17 11:55:33,102 INFO 9012 [egg:core] dump config after ready, 6ms
2020-09-17 13:40:43,577 INFO 19424 [egg:logger] init all loggers with options: {"dir":"F:\\node\\TheFinalBlog\\egg-example\\logs\\egg-example","encoding":"utf8","env":"local","level":"INFO","consoleLevel":"INFO","disableConsoleAfterReady":false,"outputJSON":false,"buffer":true,"appLogName":"egg-example-web.log","coreLogName":"egg-web.log","agentLogName":"egg-agent.log","errorLogName":"common-error.log","coreLogger":{"consoleLevel":"WARN"},"allowDebugAtProd":false,"type":"application"}
2020-09-17 13:40:43,670 INFO 19424 [egg-multipart] stream mode enable
2020-09-17 13:40:43,908 INFO 19424 [egg-static] starting static serve /public/ -> F:\node\TheFinalBlog\egg-example\app\public
2020-09-17 13:40:43,914 INFO 19424 [egg-security] use csrf middleware
2020-09-17 13:40:43,917 INFO 19424 [egg-security] use methodnoallow middleware
2020-09-17 13:40:43,918 INFO 19424 [egg-security] use noopen middleware
2020-09-17 13:40:43,920 INFO 19424 [egg-security] use nosniff middleware
2020-09-17 13:40:43,921 INFO 19424 [egg-security] use xssProtection middleware
2020-09-17 13:40:43,922 INFO 19424 [egg-security] use xframe middleware
2020-09-17 13:40:43,923 INFO 19424 [egg-security] use dta middleware
2020-09-17 13:40:43,923 INFO 19424 [egg-security] compose 7 middlewares into one security middleware
2020-09-17 13:40:43,942 INFO 19424 [egg:core] dump config after load, 7ms
2020-09-17 13:40:43,955 INFO 19424 [egg-watcher:application] watcher start success
2020-09-17 13:40:43,962 INFO 19424 [egg:core] dump config after ready, 5ms
2020-09-17 13:40:45,993 INFO 16408 [egg:logger] init all loggers with options: {"dir":"F:\\node\\TheFinalBlog\\egg-example\\logs\\egg-example","encoding":"utf8","env":"local","level":"INFO","consoleLevel":"INFO","disableConsoleAfterReady":false,"outputJSON":false,"buffer":true,"appLogName":"egg-example-web.log","coreLogName":"egg-web.log","agentLogName":"egg-agent.log","errorLogName":"common-error.log","coreLogger":{"consoleLevel":"WARN"},"allowDebugAtProd":false,"type":"application"}
2020-09-17 13:40:46,041 INFO 16408 [egg-multipart] stream mode enable
2020-09-17 13:40:46,261 INFO 16408 [egg-static] starting static serve /public/ -> F:\node\TheFinalBlog\egg-example\app\public
2020-09-17 13:40:46,267 INFO 16408 [egg-security] use csrf middleware
2020-09-17 13:40:46,270 INFO 16408 [egg-security] use methodnoallow middleware
2020-09-17 13:40:46,273 INFO 16408 [egg-security] use noopen middleware
2020-09-17 13:40:46,276 INFO 16408 [egg-security] use nosniff middleware
2020-09-17 13:40:46,277 INFO 16408 [egg-security] use xssProtection middleware
2020-09-17 13:40:46,278 INFO 16408 [egg-security] use xframe middleware
2020-09-17 13:40:46,279 INFO 16408 [egg-security] use dta middleware
2020-09-17 13:40:46,279 INFO 16408 [egg-security] compose 7 middlewares into one security middleware
2020-09-17 13:40:46,297 INFO 16408 [egg:core] dump config after load, 11ms
2020-09-17 13:40:46,313 INFO 16408 [egg-watcher:application] watcher start success
2020-09-17 13:40:46,321 INFO 16408 [egg:core] dump config after ready, 6ms
2020-09-17 13:40:51,202 INFO 20528 [egg:logger] init all loggers with options: {"dir":"F:\\node\\TheFinalBlog\\egg-example\\logs\\egg-example","encoding":"utf8","env":"local","level":"INFO","consoleLevel":"INFO","disableConsoleAfterReady":false,"outputJSON":false,"buffer":true,"appLogName":"egg-example-web.log","coreLogName":"egg-web.log","agentLogName":"egg-agent.log","errorLogName":"common-error.log","coreLogger":{"consoleLevel":"WARN"},"allowDebugAtProd":false,"type":"application"}
2020-09-17 13:40:51,249 INFO 20528 [egg-multipart] stream mode enable
2020-09-17 13:40:51,467 INFO 20528 [egg-static] starting static serve /public/ -> F:\node\TheFinalBlog\egg-example\app\public
2020-09-17 13:40:51,473 INFO 20528 [egg-security] use csrf middleware
2020-09-17 13:40:51,475 INFO 20528 [egg-security] use methodnoallow middleware
2020-09-17 13:40:51,476 INFO 20528 [egg-security] use noopen middleware
2020-09-17 13:40:51,479 INFO 20528 [egg-security] use nosniff middleware
2020-09-17 13:40:51,480 INFO 20528 [egg-security] use xssProtection middleware
2020-09-17 13:40:51,481 INFO 20528 [egg-security] use xframe middleware
2020-09-17 13:40:51,482 INFO 20528 [egg-security] use dta middleware
2020-09-17 13:40:51,482 INFO 20528 [egg-security] compose 7 middlewares into one security middleware
2020-09-17 13:40:51,498 INFO 20528 [egg:core] dump config after load, 9ms
2020-09-17 13:40:51,513 INFO 20528 [egg-watcher:application] watcher start success
2020-09-17 13:40:51,523 INFO 20528 [egg:core] dump config after ready, 6ms
2020-09-17 13:41:04,508 INFO 10700 [egg:logger] init all loggers with options: {"dir":"F:\\node\\TheFinalBlog\\egg-example\\logs\\egg-example","encoding":"utf8","env":"local","level":"INFO","consoleLevel":"INFO","disableConsoleAfterReady":false,"outputJSON":false,"buffer":true,"appLogName":"egg-example-web.log","coreLogName":"egg-web.log","agentLogName":"egg-agent.log","errorLogName":"common-error.log","coreLogger":{"consoleLevel":"WARN"},"allowDebugAtProd":false,"type":"application"}
2020-09-17 13:41:04,560 INFO 10700 [egg-multipart] stream mode enable
2020-09-17 13:41:04,776 INFO 10700 [egg-static] starting static serve /public/ -> F:\node\TheFinalBlog\egg-example\app\public
2020-09-17 13:41:04,785 INFO 10700 [egg-security] use csrf middleware
2020-09-17 13:41:04,787 INFO 10700 [egg-security] use methodnoallow middleware
2020-09-17 13:41:04,788 INFO 10700 [egg-security] use noopen middleware
2020-09-17 13:41:04,791 INFO 10700 [egg-security] use nosniff middleware
2020-09-17 13:41:04,792 INFO 10700 [egg-security] use xssProtection middleware
2020-09-17 13:41:04,793 INFO 10700 [egg-security] use xframe middleware
2020-09-17 13:41:04,794 INFO 10700 [egg-security] use dta middleware
2020-09-17 13:41:04,794 INFO 10700 [egg-security] compose 7 middlewares into one security middleware
2020-09-17 13:41:04,809 INFO 10700 [egg:core] dump config after load, 8ms
2020-09-17 13:41:04,822 INFO 10700 [egg-watcher:application] watcher start success
2020-09-17 13:41:04,833 INFO 10700 [egg:core] dump config after ready, 9ms
2020-09-17 13:43:28,727 INFO 17448 [egg:logger] init all loggers with options: {"dir":"F:\\node\\TheFinalBlog\\egg-example\\logs\\egg-example","encoding":"utf8","env":"local","level":"INFO","consoleLevel":"INFO","disableConsoleAfterReady":false,"outputJSON":false,"buffer":true,"appLogName":"egg-example-web.log","coreLogName":"egg-web.log","agentLogName":"egg-agent.log","errorLogName":"common-error.log","coreLogger":{"consoleLevel":"WARN"},"allowDebugAtProd":false,"type":"application"}
2020-09-17 13:43:28,806 INFO 17448 [egg-multipart] stream mode enable
2020-09-17 13:43:29,022 INFO 17448 [egg-static] starting static serve /public/ -> F:\node\TheFinalBlog\egg-example\app\public
2020-09-17 13:43:29,027 INFO 17448 [egg-security] use csrf middleware
2020-09-17 13:43:29,031 INFO 17448 [egg-security] use methodnoallow middleware
2020-09-17 13:43:29,032 INFO 17448 [egg-security] use noopen middleware
2020-09-17 13:43:29,034 INFO 17448 [egg-security] use nosniff middleware
2020-09-17 13:43:29,035 INFO 17448 [egg-security] use xssProtection middleware
2020-09-17 13:43:29,036 INFO 17448 [egg-security] use xframe middleware
2020-09-17 13:43:29,037 INFO 17448 [egg-security] use dta middleware
2020-09-17 13:43:29,037 INFO 17448 [egg-security] compose 7 middlewares into one security middleware
2020-09-17 13:43:29,052 INFO 17448 [egg:core] dump config after load, 9ms
2020-09-17 13:43:29,067 INFO 17448 [egg-watcher:application] watcher start success
2020-09-17 13:43:29,079 INFO 17448 [egg:core] dump config after ready, 6ms
2020-09-17 13:43:54,591 INFO 9128 [egg:logger] init all loggers with options: {"dir":"F:\\node\\TheFinalBlog\\egg-example\\logs\\egg-example","encoding":"utf8","env":"local","level":"INFO","consoleLevel":"INFO","disableConsoleAfterReady":false,"outputJSON":false,"buffer":true,"appLogName":"egg-example-web.log","coreLogName":"egg-web.log","agentLogName":"egg-agent.log","errorLogName":"common-error.log","coreLogger":{"consoleLevel":"WARN"},"allowDebugAtProd":false,"type":"application"}
2020-09-17 13:43:54,638 INFO 9128 [egg-multipart] stream mode enable
2020-09-17 13:43:54,849 INFO 9128 [egg-static] starting static serve /public/ -> F:\node\TheFinalBlog\egg-example\app\public
2020-09-17 13:43:54,855 INFO 9128 [egg-security] use csrf middleware
2020-09-17 13:43:54,859 INFO 9128 [egg-security] use methodnoallow middleware
2020-09-17 13:43:54,860 INFO 9128 [egg-security] use noopen middleware
2020-09-17 13:43:54,863 INFO 9128 [egg-security] use nosniff middleware
2020-09-17 13:43:54,864 INFO 9128 [egg-security] use xssProtection middleware
2020-09-17 13:43:54,865 INFO 9128 [egg-security] use xframe middleware
2020-09-17 13:43:54,865 INFO 9128 [egg-security] use dta middleware
2020-09-17 13:43:54,865 INFO 9128 [egg-security] compose 7 middlewares into one security middleware
2020-09-17 13:43:54,881 INFO 9128 [egg:core] dump config after load, 7ms
2020-09-17 13:43:54,894 INFO 9128 [egg-watcher:application] watcher start success
2020-09-17 13:43:54,905 INFO 9128 [egg:core] dump config after ready, 9ms
2020-09-17 13:43:57,602 INFO 21124 [egg:logger] init all loggers with options: {"dir":"F:\\node\\TheFinalBlog\\egg-example\\logs\\egg-example","encoding":"utf8","env":"local","level":"INFO","consoleLevel":"INFO","disableConsoleAfterReady":false,"outputJSON":false,"buffer":true,"appLogName":"egg-example-web.log","coreLogName":"egg-web.log","agentLogName":"egg-agent.log","errorLogName":"common-error.log","coreLogger":{"consoleLevel":"WARN"},"allowDebugAtProd":false,"type":"application"}
2020-09-17 13:43:57,650 INFO 21124 [egg-multipart] stream mode enable
2020-09-17 13:43:57,858 INFO 21124 [egg-static] starting static serve /public/ -> F:\node\TheFinalBlog\egg-example\app\public
2020-09-17 13:43:57,863 INFO 21124 [egg-security] use csrf middleware
2020-09-17 13:43:57,866 INFO 21124 [egg-security] use methodnoallow middleware
2020-09-17 13:43:57,867 INFO 21124 [egg-security] use noopen middleware
2020-09-17 13:43:57,869 INFO 21124 [egg-security] use nosniff middleware
2020-09-17 13:43:57,870 INFO 21124 [egg-security] use xssProtection middleware
2020-09-17 13:43:57,872 INFO 21124 [egg-security] use xframe middleware
2020-09-17 13:43:57,873 INFO 21124 [egg-security] use dta middleware
2020-09-17 13:43:57,873 INFO 21124 [egg-security] compose 7 middlewares into one security middleware
2020-09-17 13:43:57,886 INFO 21124 [egg:core] dump config after load, 6ms
2020-09-17 13:43:57,899 INFO 21124 [egg-watcher:application] watcher start success
2020-09-17 13:43:57,908 INFO 21124 [egg:core] dump config after ready, 6ms
2020-09-17 13:44:01,938 INFO 11004 [egg:logger] init all loggers with options: {"dir":"F:\\node\\TheFinalBlog\\egg-example\\logs\\egg-example","encoding":"utf8","env":"local","level":"INFO","consoleLevel":"INFO","disableConsoleAfterReady":false,"outputJSON":false,"buffer":true,"appLogName":"egg-example-web.log","coreLogName":"egg-web.log","agentLogName":"egg-agent.log","errorLogName":"common-error.log","coreLogger":{"consoleLevel":"WARN"},"allowDebugAtProd":false,"type":"application"}
2020-09-17 13:44:01,991 INFO 11004 [egg-multipart] stream mode enable
2020-09-17 13:44:02,206 INFO 11004 [egg-static] starting static serve /public/ -> F:\node\TheFinalBlog\egg-example\app\public
2020-09-17 13:44:02,212 INFO 11004 [egg-security] use csrf middleware
2020-09-17 13:44:02,214 INFO 11004 [egg-security] use methodnoallow middleware
2020-09-17 13:44:02,215 INFO 11004 [egg-security] use noopen middleware
2020-09-17 13:44:02,218 INFO 11004 [egg-security] use nosniff middleware
2020-09-17 13:44:02,219 INFO 11004 [egg-security] use xssProtection middleware
2020-09-17 13:44:02,220 INFO 11004 [egg-security] use xframe middleware
2020-09-17 13:44:02,221 INFO 11004 [egg-security] use dta middleware
2020-09-17 13:44:02,221 INFO 11004 [egg-security] compose 7 middlewares into one security middleware
2020-09-17 13:44:02,237 INFO 11004 [egg:core] dump config after load, 7ms
2020-09-17 13:44:02,250 INFO 11004 [egg-watcher:application] watcher start success
2020-09-17 13:44:02,260 INFO 11004 [egg:core] dump config after ready, 8ms
2020-09-17 13:44:20,830 INFO 8032 [egg:logger] init all loggers with options: {"dir":"F:\\node\\TheFinalBlog\\egg-example\\logs\\egg-example","encoding":"utf8","env":"local","level":"INFO","consoleLevel":"INFO","disableConsoleAfterReady":false,"outputJSON":false,"buffer":true,"appLogName":"egg-example-web.log","coreLogName":"egg-web.log","agentLogName":"egg-agent.log","errorLogName":"common-error.log","coreLogger":{"consoleLevel":"WARN"},"allowDebugAtProd":false,"type":"application"}
2020-09-17 13:44:20,884 INFO 8032 [egg-multipart] stream mode enable
2020-09-17 13:44:21,098 INFO 8032 [egg-static] starting static serve /public/ -> F:\node\TheFinalBlog\egg-example\app\public
2020-09-17 13:44:21,103 INFO 8032 [egg-security] use csrf middleware
2020-09-17 13:44:21,107 INFO 8032 [egg-security] use methodnoallow middleware
2020-09-17 13:44:21,107 INFO 8032 [egg-security] use noopen middleware
2020-09-17 13:44:21,110 INFO 8032 [egg-security] use nosniff middleware
2020-09-17 13:44:21,111 INFO 8032 [egg-security] use xssProtection middleware
2020-09-17 13:44:21,112 INFO 8032 [egg-security] use xframe middleware
2020-09-17 13:44:21,113 INFO 8032 [egg-security] use dta middleware
2020-09-17 13:44:21,113 INFO 8032 [egg-security] compose 7 middlewares into one security middleware
2020-09-17 13:44:21,129 INFO 8032 [egg:core] dump config after load, 8ms
2020-09-17 13:44:21,141 INFO 8032 [egg-watcher:application] watcher start success
2020-09-17 13:44:21,150 INFO 8032 [egg:core] dump config after ready, 6ms
2020-09-17 13:44:47,198 INFO 8032 [egg-view-nunjucks] loading templates from ["F:\\node\\TheFinalBlog\\egg-example\\app\\view"]
2020-09-17 13:46:15,721 INFO 25428 [egg:logger] init all loggers with options: {"dir":"F:\\node\\TheFinalBlog\\egg-example\\logs\\egg-example","encoding":"utf8","env":"local","level":"INFO","consoleLevel":"INFO","disableConsoleAfterReady":false,"outputJSON":false,"buffer":true,"appLogName":"egg-example-web.log","coreLogName":"egg-web.log","agentLogName":"egg-agent.log","errorLogName":"common-error.log","coreLogger":{"consoleLevel":"WARN"},"allowDebugAtProd":false,"type":"application"}
2020-09-17 13:46:15,773 INFO 25428 [egg-multipart] stream mode enable
2020-09-17 13:46:16,079 INFO 25428 [egg-static] starting static serve /public/ -> F:\node\TheFinalBlog\egg-example\app\public
2020-09-17 13:46:16,085 INFO 25428 [egg-security] use csrf middleware
2020-09-17 13:46:16,089 INFO 25428 [egg-security] use methodnoallow middleware
2020-09-17 13:46:16,090 INFO 25428 [egg-security] use noopen middleware
2020-09-17 13:46:16,092 INFO 25428 [egg-security] use nosniff middleware
2020-09-17 13:46:16,093 INFO 25428 [egg-security] use xssProtection middleware
2020-09-17 13:46:16,094 INFO 25428 [egg-security] use xframe middleware
2020-09-17 13:46:16,096 INFO 25428 [egg-security] use dta middleware
2020-09-17 13:46:16,096 INFO 25428 [egg-security] compose 7 middlewares into one security middleware
2020-09-17 13:46:16,113 INFO 25428 [egg:core] dump config after load, 8ms
2020-09-17 13:46:16,133 INFO 25428 [egg-watcher:application] watcher start success
2020-09-17 13:46:16,143 INFO 25428 [egg:core] dump config after ready, 7ms
2020-09-17 13:46:26,016 INFO 964 [egg:logger] init all loggers with options: {"dir":"F:\\node\\TheFinalBlog\\egg-example\\logs\\egg-example","encoding":"utf8","env":"local","level":"INFO","consoleLevel":"INFO","disableConsoleAfterReady":false,"outputJSON":false,"buffer":true,"appLogName":"egg-example-web.log","coreLogName":"egg-web.log","agentLogName":"egg-agent.log","errorLogName":"common-error.log","coreLogger":{"consoleLevel":"WARN"},"allowDebugAtProd":false,"type":"application"}
2020-09-17 13:46:26,069 INFO 964 [egg-multipart] stream mode enable
2020-09-17 13:46:26,278 INFO 964 [egg-static] starting static serve /public/ -> F:\node\TheFinalBlog\egg-example\app\public
2020-09-17 13:46:26,284 INFO 964 [egg-security] use csrf middleware
2020-09-17 13:46:26,287 INFO 964 [egg-security] use methodnoallow middleware
2020-09-17 13:46:26,288 INFO 964 [egg-security] use noopen middleware
2020-09-17 13:46:26,291 INFO 964 [egg-security] use nosniff middleware
2020-09-17 13:46:26,292 INFO 964 [egg-security] use xssProtection middleware
2020-09-17 13:46:26,293 INFO 964 [egg-security] use xframe middleware
2020-09-17 13:46:26,294 INFO 964 [egg-security] use dta middleware
2020-09-17 13:46:26,294 INFO 964 [egg-security] compose 7 middlewares into one security middleware
2020-09-17 13:46:26,308 INFO 964 [egg:core] dump config after load, 7ms
2020-09-17 13:46:26,322 INFO 964 [egg-watcher:application] watcher start success
2020-09-17 13:46:26,334 INFO 964 [egg:core] dump config after ready, 9ms
2020-09-17 13:46:47,765 INFO 7572 [egg:logger] init all loggers with options: {"dir":"F:\\node\\TheFinalBlog\\egg-example\\logs\\egg-example","encoding":"utf8","env":"local","level":"INFO","consoleLevel":"INFO","disableConsoleAfterReady":false,"outputJSON":false,"buffer":true,"appLogName":"egg-example-web.log","coreLogName":"egg-web.log","agentLogName":"egg-agent.log","errorLogName":"common-error.log","coreLogger":{"consoleLevel":"WARN"},"allowDebugAtProd":false,"type":"application"}
2020-09-17 13:46:47,816 INFO 7572 [egg-multipart] stream mode enable
2020-09-17 13:46:48,027 INFO 7572 [egg-static] starting static serve /public/ -> F:\node\TheFinalBlog\egg-example\app\public
2020-09-17 13:46:48,033 INFO 7572 [egg-security] use csrf middleware
2020-09-17 13:46:48,036 INFO 7572 [egg-security] use methodnoallow middleware
2020-09-17 13:46:48,037 INFO 7572 [egg-security] use noopen middleware
2020-09-17 13:46:48,039 INFO 7572 [egg-security] use nosniff middleware
2020-09-17 13:46:48,040 INFO 7572 [egg-security] use xssProtection middleware
2020-09-17 13:46:48,041 INFO 7572 [egg-security] use xframe middleware
2020-09-17 13:46:48,042 INFO 7572 [egg-security] use dta middleware
2020-09-17 13:46:48,042 INFO 7572 [egg-security] compose 7 middlewares into one security middleware
2020-09-17 13:46:48,056 INFO 7572 [egg:core] dump config after load, 7ms
2020-09-17 13:46:48,069 INFO 7572 [egg-watcher:application] watcher start success
2020-09-17 13:46:48,078 INFO 7572 [egg:core] dump config after ready, 7ms
2020-09-17 13:47:03,034 INFO 10920 [egg:logger] init all loggers with options: {"dir":"F:\\node\\TheFinalBlog\\egg-example\\logs\\egg-example","encoding":"utf8","env":"local","level":"INFO","consoleLevel":"INFO","disableConsoleAfterReady":false,"outputJSON":false,"buffer":true,"appLogName":"egg-example-web.log","coreLogName":"egg-web.log","agentLogName":"egg-agent.log","errorLogName":"common-error.log","coreLogger":{"consoleLevel":"WARN"},"allowDebugAtProd":false,"type":"application"}
2020-09-17 13:47:03,083 INFO 10920 [egg-multipart] stream mode enable
2020-09-17 13:47:03,300 INFO 10920 [egg-static] starting static serve /public/ -> F:\node\TheFinalBlog\egg-example\app\public
2020-09-17 13:47:03,306 INFO 10920 [egg-security] use csrf middleware
2020-09-17 13:47:03,309 INFO 10920 [egg-security] use methodnoallow middleware
2020-09-17 13:47:03,311 INFO 10920 [egg-security] use noopen middleware
2020-09-17 13:47:03,313 INFO 10920 [egg-security] use nosniff middleware
2020-09-17 13:47:03,314 INFO 10920 [egg-security] use xssProtection middleware
2020-09-17 13:47:03,315 INFO 10920 [egg-security] use xframe middleware
2020-09-17 13:47:03,316 INFO 10920 [egg-security] use dta middleware
2020-09-17 13:47:03,316 INFO 10920 [egg-security] compose 7 middlewares into one security middleware
2020-09-17 13:47:03,331 INFO 10920 [egg:core] dump config after load, 7ms
2020-09-17 13:47:03,344 INFO 10920 [egg-watcher:application] watcher start success
2020-09-17 13:47:03,355 INFO 10920 [egg:core] dump config after ready, 9ms
2020-09-19 08:18:19,774 INFO 12792 [egg:logger] init all loggers with options: {"dir":"F:\\node\\TheFinalBlog\\egg-example\\logs\\egg-example","encoding":"utf8","env":"local","level":"INFO","consoleLevel":"INFO","disableConsoleAfterReady":false,"outputJSON":false,"buffer":true,"appLogName":"egg-example-web.log","coreLogName":"egg-web.log","agentLogName":"egg-agent.log","errorLogName":"common-error.log","coreLogger":{"consoleLevel":"WARN"},"allowDebugAtProd":false,"type":"application"}
2020-09-19 08:18:19,822 INFO 12792 [egg-multipart] stream mode enable
2020-09-19 08:18:20,287 INFO 12792 [egg-static] starting static serve /public/ -> F:\node\TheFinalBlog\egg-example\app\public
2020-09-19 08:18:20,293 INFO 12792 [egg-security] use csrf middleware
2020-09-19 08:18:20,296 INFO 12792 [egg-security] use methodnoallow middleware
2020-09-19 08:18:20,297 INFO 12792 [egg-security] use noopen middleware
2020-09-19 08:18:20,299 INFO 12792 [egg-security] use nosniff middleware
2020-09-19 08:18:20,300 INFO 12792 [egg-security] use xssProtection middleware
2020-09-19 08:18:20,301 INFO 12792 [egg-security] use xframe middleware
2020-09-19 08:18:20,302 INFO 12792 [egg-security] use dta middleware
2020-09-19 08:18:20,302 INFO 12792 [egg-security] compose 7 middlewares into one security middleware
2020-09-19 08:18:20,316 INFO 12792 [egg:core] dump config after load, 6ms
2020-09-19 08:18:20,330 INFO 12792 [egg-watcher:application] watcher start success
2020-09-19 08:18:20,337 INFO 12792 [egg:core] dump config after ready, 5ms
2020-09-19 08:18:22,046 INFO 2784 [egg:logger] init all loggers with options: {"dir":"F:\\node\\TheFinalBlog\\egg-example\\logs\\egg-example","encoding":"utf8","env":"local","level":"INFO","consoleLevel":"INFO","disableConsoleAfterReady":false,"outputJSON":false,"buffer":true,"appLogName":"egg-example-web.log","coreLogName":"egg-web.log","agentLogName":"egg-agent.log","errorLogName":"common-error.log","coreLogger":{"consoleLevel":"WARN"},"allowDebugAtProd":false,"type":"application"}
2020-09-19 08:18:22,094 INFO 2784 [egg-multipart] stream mode enable
2020-09-19 08:18:22,301 INFO 2784 [egg-static] starting static serve /public/ -> F:\node\TheFinalBlog\egg-example\app\public
2020-09-19 08:18:22,306 INFO 2784 [egg-security] use csrf middleware
2020-09-19 08:18:22,309 INFO 2784 [egg-security] use methodnoallow middleware
2020-09-19 08:18:22,310 INFO 2784 [egg-security] use noopen middleware
2020-09-19 08:18:22,312 INFO 2784 [egg-security] use nosniff middleware
2020-09-19 08:18:22,313 INFO 2784 [egg-security] use xssProtection middleware
2020-09-19 08:18:22,314 INFO 2784 [egg-security] use xframe middleware
2020-09-19 08:18:22,315 INFO 2784 [egg-security] use dta middleware
2020-09-19 08:18:22,315 INFO 2784 [egg-security] compose 7 middlewares into one security middleware
2020-09-19 08:18:22,328 INFO 2784 [egg:core] dump config after load, 6ms
2020-09-19 08:18:22,340 INFO 2784 [egg-watcher:application] watcher start success
2020-09-19 08:18:22,350 INFO 2784 [egg:core] dump config after ready, 8ms
2020-09-19 08:18:24,328 INFO 23536 [egg:logger] init all loggers with options: {"dir":"F:\\node\\TheFinalBlog\\egg-example\\logs\\egg-example","encoding":"utf8","env":"local","level":"INFO","consoleLevel":"INFO","disableConsoleAfterReady":false,"outputJSON":false,"buffer":true,"appLogName":"egg-example-web.log","coreLogName":"egg-web.log","agentLogName":"egg-agent.log","errorLogName":"common-error.log","coreLogger":{"consoleLevel":"WARN"},"allowDebugAtProd":false,"type":"application"}
2020-09-19 08:18:24,373 INFO 23536 [egg-multipart] stream mode enable
2020-09-19 08:18:24,575 INFO 23536 [egg-static] starting static serve /public/ -> F:\node\TheFinalBlog\egg-example\app\public
2020-09-19 08:18:24,581 INFO 23536 [egg-security] use csrf middleware
2020-09-19 08:18:24,583 INFO 23536 [egg-security] use methodnoallow middleware
2020-09-19 08:18:24,584 INFO 23536 [egg-security] use noopen middleware
2020-09-19 08:18:24,587 INFO 23536 [egg-security] use nosniff middleware
2020-09-19 08:18:24,588 INFO 23536 [egg-security] use xssProtection middleware
2020-09-19 08:18:24,589 INFO 23536 [egg-security] use xframe middleware
2020-09-19 08:18:24,590 INFO 23536 [egg-security] use dta middleware
2020-09-19 08:18:24,590 INFO 23536 [egg-security] compose 7 middlewares into one security middleware
2020-09-19 08:18:24,604 INFO 23536 [egg:core] dump config after load, 7ms
2020-09-19 08:18:24,616 INFO 23536 [egg-watcher:application] watcher start success
2020-09-19 08:18:24,627 INFO 23536 [egg:core] dump config after ready, 9ms
2020-09-19 08:19:11,922 INFO 17912 [egg:logger] init all loggers with options: {"dir":"F:\\node\\TheFinalBlog\\egg-example\\logs\\egg-example","encoding":"utf8","env":"local","level":"INFO","consoleLevel":"INFO","disableConsoleAfterReady":false,"outputJSON":false,"buffer":true,"appLogName":"egg-example-web.log","coreLogName":"egg-web.log","agentLogName":"egg-agent.log","errorLogName":"common-error.log","coreLogger":{"consoleLevel":"WARN"},"allowDebugAtProd":false,"type":"application"}
2020-09-19 08:19:11,967 INFO 17912 [egg-multipart] stream mode enable
2020-09-19 08:19:12,164 INFO 17912 [egg-static] starting static serve /public/ -> F:\node\TheFinalBlog\egg-example\app\public
2020-09-19 08:19:12,170 INFO 17912 [egg-security] use csrf middleware
2020-09-19 08:19:12,173 INFO 17912 [egg-security] use methodnoallow middleware
2020-09-19 08:19:12,173 INFO 17912 [egg-security] use noopen middleware
2020-09-19 08:19:12,176 INFO 17912 [egg-security] use nosniff middleware
2020-09-19 08:19:12,177 INFO 17912 [egg-security] use xssProtection middleware
2020-09-19 08:19:12,177 INFO 17912 [egg-security] use xframe middleware
2020-09-19 08:19:12,178 INFO 17912 [egg-security] use dta middleware
2020-09-19 08:19:12,178 INFO 17912 [egg-security] compose 7 middlewares into one security middleware
2020-09-19 08:19:12,192 INFO 17912 [egg:core] dump config after load, 7ms
2020-09-19 08:19:12,207 INFO 17912 [egg-watcher:application] watcher start success
2020-09-19 08:19:12,217 INFO 17912 [egg:core] dump config after ready, 8ms
